<?xml version="1.0" encoding="UTF-8" standalone="no"?>
<testsuite failures="2" name="cucumber.runtime.formatter.JUnitFormatter" skipped="0" tests="2" time="33.972504">
    <testcase classname="FreeCrm login feature" name="FreeCrm Login test scenario" time="18.47822">
        <failure message="junit.framework.ComparisonFailure: expected:&lt;[Free CRM - CRM software for customer relationship management, sales, and support.]&gt; but was:&lt;[CRMPRO]&gt;&#13;&#10;&#9;at junit.framework.Assert.assertEquals(Assert.java:100)&#13;&#10;&#9;at junit.framework.Assert.assertEquals(Assert.java:107)&#13;&#10;&#9;at stepDefination.LoginStepDefination.user_is_on_home_Page(LoginStepDefination.java:39)&#13;&#10;&#9;at ✽.Then user is on home Page(C:/Users/vineelaa/Desktop/Test/BDDProject/src/main/java/features/login.feature:20)&#13;&#10;">
            <![CDATA[Given User is already in loginpage..........................................passed
When title of login page is FreeCrm.........................................passed
Then user enters "batchautomation" and "Test@12345".........................passed
And user clicks on login button.............................................passed
Then user is on home Page...................................................failed
Then close the browser......................................................skipped

StackTrace:
junit.framework.ComparisonFailure: expected:<[Free CRM - CRM software for customer relationship management, sales, and support.]> but was:<[CRMPRO]>
	at junit.framework.Assert.assertEquals(Assert.java:100)
	at junit.framework.Assert.assertEquals(Assert.java:107)
	at stepDefination.LoginStepDefination.user_is_on_home_Page(LoginStepDefination.java:39)
	at ✽.Then user is on home Page(C:/Users/vineelaa/Desktop/Test/BDDProject/src/main/java/features/login.feature:20)
]]>
        </failure>
    </testcase>
    <testcase classname="FreeCrm login feature" name="FreeCrm Login test scenario 2" time="15.494284">
        <failure message="junit.framework.ComparisonFailure: expected:&lt;[Free CRM - CRM software for customer relationship management, sales, and support.]&gt; but was:&lt;[CRMPRO]&gt;&#13;&#10;&#9;at junit.framework.Assert.assertEquals(Assert.java:100)&#13;&#10;&#9;at junit.framework.Assert.assertEquals(Assert.java:107)&#13;&#10;&#9;at stepDefination.LoginStepDefination.user_is_on_home_Page(LoginStepDefination.java:39)&#13;&#10;&#9;at ✽.Then user is on home Page(C:/Users/vineelaa/Desktop/Test/BDDProject/src/main/java/features/login.feature:20)&#13;&#10;">
            <![CDATA[Given User is already in loginpage..........................................passed
When title of login page is FreeCrm.........................................passed
Then user enters "tom" and "test@123".......................................passed
And user clicks on login button.............................................passed
Then user is on home Page...................................................failed
Then close the browser......................................................skipped

StackTrace:
junit.framework.ComparisonFailure: expected:<[Free CRM - CRM software for customer relationship management, sales, and support.]> but was:<[CRMPRO]>
	at junit.framework.Assert.assertEquals(Assert.java:100)
	at junit.framework.Assert.assertEquals(Assert.java:107)
	at stepDefination.LoginStepDefination.user_is_on_home_Page(LoginStepDefination.java:39)
	at ✽.Then user is on home Page(C:/Users/vineelaa/Desktop/Test/BDDProject/src/main/java/features/login.feature:20)
]]>
        </failure>
    </testcase>
</testsuite>
